#
# There is insufficient memory for the Java Runtime Environment to continue.
# Native memory allocation (malloc) failed to allocate 472976 bytes for Chunk::new
# Possible reasons:
#   The system is out of physical RAM or swap space
#   In 32 bit mode, the process size limit was hit
# Possible solutions:
#   Reduce memory load on the system
#   Increase physical memory or swap space
#   Check if swap backing store is full
#   Use 64 bit Java on a 64 bit OS
#   Decrease Java heap size (-Xmx/-Xms)
#   Decrease number of Java threads
#   Decrease Java thread stack sizes (-Xss)
#   Set larger code cache with -XX:ReservedCodeCacheSize=
# This output file may be truncated or incomplete.
#
#  Out of Memory Error (allocation.cpp:390), pid=11380, tid=8604
#
# JRE version: Java(TM) SE Runtime Environment (8.0_65-b17) (build 1.8.0_65-b17)
# Java VM: Java HotSpot(TM) 64-Bit Server VM (25.65-b01 mixed mode windows-amd64 compressed oops)
# Failed to write core dump. Minidumps are not enabled by default on client versions of Windows
#

---------------  T H R E A D  ---------------

Current thread (0x0000000017dea800):  JavaThread "C2 CompilerThread2" daemon [_thread_in_native, id=8604, stack(0x0000000018510000,0x0000000018610000)]

Stack: [0x0000000018510000,0x0000000018610000]
[error occurred during error reporting (printing stack bounds), id 0xc0000005]

Native frames: (J=compiled Java code, j=interpreted, Vv=VM code, C=native code)


Current CompileTask:
C2:   1865 1006       4       com.android.dx.ssa.SCCP::simulateStmt (481 bytes)


---------------  P R O C E S S  ---------------

Java Threads: ( => current thread )
  0x000000001800d000 JavaThread "pool-2-thread-4" [_thread_in_vm, id=5988, stack(0x0000000018d10000,0x0000000018e10000)]
  0x0000000017fb4000 JavaThread "pool-2-thread-3" [_thread_blocked, id=9892, stack(0x0000000018c10000,0x0000000018d10000)]
  0x0000000017f0b000 JavaThread "pool-2-thread-2" [_thread_in_vm, id=18568, stack(0x0000000018b10000,0x0000000018c10000)]
  0x0000000017f05000 JavaThread "pool-3-thread-1" [_thread_blocked, id=23672, stack(0x0000000018a10000,0x0000000018b10000)]
  0x0000000017edd800 JavaThread "pool-2-thread-1" [_thread_in_Java, id=9164, stack(0x0000000018910000,0x0000000018a10000)]
  0x0000000017e16800 JavaThread "Service Thread" daemon [_thread_blocked, id=7196, stack(0x0000000018710000,0x0000000018810000)]
  0x0000000017ded800 JavaThread "C1 CompilerThread3" daemon [_thread_in_vm, id=10188, stack(0x0000000018610000,0x0000000018710000)]
=>0x0000000017dea800 JavaThread "C2 CompilerThread2" daemon [_thread_in_native, id=8604, stack(0x0000000018510000,0x0000000018610000)]
  0x0000000017de9000 JavaThread "C2 CompilerThread1" daemon [_thread_blocked, id=23092, stack(0x0000000018410000,0x0000000018510000)]
  0x0000000017d95800 JavaThread "C2 CompilerThread0" daemon [_thread_in_native, id=4524, stack(0x0000000018310000,0x0000000018410000)]
  0x0000000017d47000 JavaThread "Attach Listener" daemon [_thread_blocked, id=16880, stack(0x0000000018210000,0x0000000018310000)]
  0x0000000017d46800 JavaThread "Signal Dispatcher" daemon [_thread_blocked, id=9684, stack(0x0000000018110000,0x0000000018210000)]
  0x0000000003194000 JavaThread "Finalizer" daemon [_thread_blocked, id=4540, stack(0x0000000017bb0000,0x0000000017cb0000)]
  0x0000000015cbd000 JavaThread "Reference Handler" daemon [_thread_blocked, id=18276, stack(0x0000000017ab0000,0x0000000017bb0000)]
  0x00000000030a1000 JavaThread "main" [_thread_in_Java, id=22116, stack(0x0000000002fa0000,0x00000000030a0000)]

Other Threads:
  0x0000000015cb8800 VMThread [stack: 0x00000000179b0000,0x0000000017ab0000] [id=14620]
  0x0000000017e17800 WatcherThread [stack: 0x0000000018810000,0x0000000018910000] [id=6172]

VM state:not at safepoint (normal execution)

VM Mutex/Monitor currently owned by a thread: None

Heap:
 PSYoungGen      total 38400K, used 28650K [0x00000000eab00000, 0x00000000ed580000, 0x0000000100000000)
  eden space 33280K, 86% used [0x00000000eab00000,0x00000000ec6fa968,0x00000000ecb80000)
  from space 5120K, 0% used [0x00000000ed080000,0x00000000ed080000,0x00000000ed580000)
  to   space 5120K, 0% used [0x00000000ecb80000,0x00000000ecb80000,0x00000000ed080000)
 ParOldGen       total 87552K, used 0K [0x00000000c0000000, 0x00000000c5580000, 0x00000000eab00000)
  object space 87552K, 0% used [0x00000000c0000000,0x00000000c0000000,0x00000000c5580000)
 Metaspace       used 5738K, capacity 6832K, committed 7040K, reserved 1056768K
  class space    used 586K, capacity 616K, committed 640K, reserved 1048576K

Card table byte_map: [0x0000000012560000,0x0000000012770000] byte_map_base: 0x0000000011f60000

Marking Bits: (ParMarkBitMap*) 0x00000000692fa5b0
 Begin Bits: [0x00000000130d0000, 0x00000000140d0000)
 End Bits:   [0x00000000140d0000, 0x00000000150d0000)

Polling page: 0x00000000015d0000

CodeCache: size=245760Kb used=4178Kb max_used=4197Kb free=241581Kb
 bounds [0x00000000031a0000, 0x00000000035c0000, 0x00000000121a0000]
 total_blobs=1307 nmethods=1043 adapters=177
 compilation: enabled

Compilation events (10 events):
Event: 1.858 Thread 0x0000000017ded800 nmethod 1047 0x000000000359b810 code [0x000000000359b960, 0x000000000359bab0]
Event: 1.858 Thread 0x0000000017ded800 1051       3       java.util.regex.Pattern$BnM::optimize (179 bytes)
Event: 1.859 Thread 0x0000000017ded800 nmethod 1051 0x00000000035b7390 code [0x00000000035b75a0, 0x00000000035b81a8]
Event: 1.859 Thread 0x0000000017ded800 1054       3       java.util.regex.Matcher::search (109 bytes)
Event: 1.860 Thread 0x0000000017ded800 nmethod 1054 0x00000000035bbb10 code [0x00000000035bbca0, 0x00000000035bc0a8]
Event: 1.860 Thread 0x0000000017ded800 1053       3       java.util.regex.Pattern$Node::<init> (12 bytes)
Event: 1.860 Thread 0x0000000017ded800 nmethod 1053 0x00000000035bc210 code [0x00000000035bc380, 0x00000000035bc550]
Event: 1.860 Thread 0x0000000017ded800 1049       3       java.util.TreeMap::containsKey (14 bytes)
Event: 1.860 Thread 0x0000000017d95800 nmethod 1030 0x00000000035bc610 code [0x00000000035bc7a0, 0x00000000035bcf68]
Event: 1.860 Thread 0x0000000017d95800 1055       4       java.util.Collections$UnmodifiableCollection$1::next (10 bytes)

GC Heap History (0 events):
No events

Deoptimization events (10 events):
Event: 1.295 Thread 0x0000000017f0b000 Uncommon trap: reason=unstable_if action=reinterpret pc=0x00000000033fc70c method=java.util.HashMap.getNode(ILjava/lang/Object;)Ljava/util/HashMap$Node; @ 129
Event: 1.426 Thread 0x0000000017f0b000 Uncommon trap: reason=null_check action=make_not_entrant pc=0x000000000346298c method=com.android.dx.ssa.SsaRenamer.getLocalForNewReg(I)Lcom/android/dx/rop/code/LocalItem; @ 19
Event: 1.426 Thread 0x0000000017f0b000 Uncommon trap: reason=null_check action=make_not_entrant pc=0x000000000342b17c method=com.android.dx.ssa.SsaRenamer.getLocalForNewReg(I)Lcom/android/dx/rop/code/LocalItem; @ 19
Event: 1.539 Thread 0x0000000017fb4000 Uncommon trap: reason=class_check action=maybe_recompile pc=0x000000000349c278 method=com.android.dx.rop.type.Type.equals(Ljava/lang/Object;)Z @ 8
Event: 1.539 Thread 0x0000000017fb4000 Uncommon trap: reason=unstable_if action=reinterpret pc=0x0000000003478bc0 method=com.android.dx.rop.code.RegisterSpec.equals(ILcom/android/dx/rop/type/TypeBearer;Lcom/android/dx/rop/code/LocalItem;)Z @ 16
Event: 1.539 Thread 0x0000000017fb4000 Uncommon trap: reason=unstable_if action=reinterpret pc=0x000000000349480c method=com.android.dx.rop.code.RegisterSpec.equals(ILcom/android/dx/rop/type/TypeBearer;Lcom/android/dx/rop/code/LocalItem;)Z @ 16
Event: 1.540 Thread 0x0000000017fb4000 Uncommon trap: reason=class_check action=maybe_recompile pc=0x000000000349c278 method=com.android.dx.rop.type.Type.equals(Ljava/lang/Object;)Z @ 8
Event: 1.547 Thread 0x0000000017fb4000 Uncommon trap: reason=class_check action=maybe_recompile pc=0x000000000349c278 method=com.android.dx.rop.type.Type.equals(Ljava/lang/Object;)Z @ 8
Event: 1.547 Thread 0x0000000017fb4000 Uncommon trap: reason=class_check action=maybe_recompile pc=0x000000000349c278 method=com.android.dx.rop.type.Type.equals(Ljava/lang/Object;)Z @ 8
Event: 1.820 Thread 0x000000001800d000 Uncommon trap: reason=unstable_if action=reinterpret pc=0x000000000350d6b8 method=com.android.dx.cf.code.Ropper.labelToResultIndex(I)I @ 34

Internal exceptions (4 events):
Event: 0.192 Thread 0x00000000030a1000 Exception <a 'java/lang/NoSuchMethodError': Method sun.misc.Unsafe.defineClass(Ljava/lang/String;[BII)Ljava/lang/Class; name or signature does not match> (0x00000000eab13070) thrown at [C:\workspace\8-2-build-windows-amd64-cygwin\jdk8u65\4987\hotspot\src\sië^l’È?
Event: 0.192 Thread 0x00000000030a1000 Exception <a 'java/lang/NoSuchMethodError': Method sun.misc.Unsafe.prefetchRead(Ljava/lang/Object;J)V name or signature does not match> (0x00000000eab13358) thrown at [C:\workspace\8-2-build-windows-amd64-cygwin\jdk8u65\4987\hotspot\src\share\vm\prims\jni.RñfçƒÐö?
Event: 1.426 Thread 0x0000000017f0b000 Implicit null exception at 0x0000000003461152 to 0x0000000003462941
Event: 1.426 Thread 0x0000000017f0b000 Implicit null exception at 0x0000000003429b1c to 0x000000000342b15d

Events (10 events):
Event: 1.820 loading class java/util/HashMap$ValueIterator done
Event: 1.820 Thread 0x000000001800d000 Uncommon trap: trap_request=0xffffff65 fr.pc=0x000000000350d6b8
Event: 1.820 Thread 0x000000001800d000 DEOPT PACKING pc=0x000000000350d6b8 sp=0x0000000018e0e8a0
Event: 1.820 Thread 0x000000001800d000 DEOPT UNPACKING pc=0x00000000031e582a sp=0x0000000018e0e848 mode 2
Event: 1.852 loading class java/util/TreeMap$EntrySet
Event: 1.852 loading class java/util/TreeMap$EntrySet done
Event: 1.852 loading class java/util/TreeMap$EntryIterator
Event: 1.853 loading class java/util/TreeMap$EntryIterator done
Event: 1.853 Executing VM operation: Deoptimize
Event: 1.855 Executing VM operation: Deoptimize done


Dynamic libraries:
0x00007ff623a20000 - 0x00007ff623a57000 	C:\Program Files\Java\jdk1.8.0_65\bin\java.exe
0x00007fff7dfa0000 - 0x00007fff7e161000 	C:\WINDOWS\SYSTEM32\ntdll.dll
0x00007fff7dd70000 - 0x00007fff7de1d000 	C:\WINDOWS\system32\KERNEL32.DLL
0x00007fff7ae60000 - 0x00007fff7b048000 	C:\WINDOWS\system32\KERNELBASE.dll
0x00007fff7def0000 - 0x00007fff7df97000 	C:\WINDOWS\system32\ADVAPI32.dll
0x00007fff7d790000 - 0x00007fff7d82d000 	C:\WINDOWS\system32\msvcrt.dll
0x00007fff7d730000 - 0x00007fff7d78b000 	C:\WINDOWS\system32\sechost.dll
0x00007fff7dc50000 - 0x00007fff7dd6c000 	C:\WINDOWS\system32\RPCRT4.dll
0x00007fff7b3b0000 - 0x00007fff7b506000 	C:\WINDOWS\system32\USER32.dll
0x00007fff7b510000 - 0x00007fff7b696000 	C:\WINDOWS\system32\GDI32.dll
0x00007fff6b890000 - 0x00007fff6bb04000 	C:\WINDOWS\WinSxS\amd64_microsoft.windows.common-controls_6595b64144ccf1df_6.0.10586.0_none_8c15ae12515e1c22\COMCTL32.dll
0x00007fff7b6a0000 - 0x00007fff7b91d000 	C:\WINDOWS\system32\combase.dll
0x00007fff7adf0000 - 0x00007fff7ae5a000 	C:\WINDOWS\system32\bcryptPrimitives.dll
0x00007fff7b940000 - 0x00007fff7b97b000 	C:\WINDOWS\system32\IMM32.DLL
0x00007fff78ff0000 - 0x00007fff79021000 	C:\Windows\system32\nvinitx.dll
0x00007fff78fe0000 - 0x00007fff78fea000 	C:\WINDOWS\SYSTEM32\VERSION.dll
0x0000000069ac0000 - 0x0000000069b92000 	C:\Program Files\Java\jdk1.8.0_65\jre\bin\msvcr100.dll
0x0000000068af0000 - 0x0000000069379000 	C:\Program Files\Java\jdk1.8.0_65\jre\bin\server\jvm.dll
0x00007fff7ba50000 - 0x00007fff7ba58000 	C:\WINDOWS\system32\PSAPI.DLL
0x00007fff71140000 - 0x00007fff71149000 	C:\WINDOWS\SYSTEM32\WSOCK32.dll
0x00007fff7d280000 - 0x00007fff7d2eb000 	C:\WINDOWS\system32\WS2_32.dll
0x00007fff78c70000 - 0x00007fff78c93000 	C:\WINDOWS\SYSTEM32\WINMM.dll
0x00007fff78c40000 - 0x00007fff78c6c000 	C:\WINDOWS\SYSTEM32\WINMMBASE.dll
0x00007fff7b240000 - 0x00007fff7b283000 	C:\WINDOWS\system32\cfgmgr32.dll
0x0000000068ae0000 - 0x0000000068aef000 	C:\Program Files\Java\jdk1.8.0_65\jre\bin\verify.dll
0x0000000068ab0000 - 0x0000000068ad9000 	C:\Program Files\Java\jdk1.8.0_65\jre\bin\java.dll
0x0000000068a90000 - 0x0000000068aa6000 	C:\Program Files\Java\jdk1.8.0_65\jre\bin\zip.dll
0x00007fff7ba60000 - 0x00007fff7cfbc000 	C:\WINDOWS\system32\SHELL32.dll
0x00007fff7a650000 - 0x00007fff7ac94000 	C:\WINDOWS\system32\windows.storage.dll
0x00007fff7de90000 - 0x00007fff7dee2000 	C:\WINDOWS\system32\shlwapi.dll
0x00007fff7a630000 - 0x00007fff7a63f000 	C:\WINDOWS\system32\kernel.appcore.dll
0x00007fff7aca0000 - 0x00007fff7ad55000 	C:\WINDOWS\system32\shcore.dll
0x00007fff7a5e0000 - 0x00007fff7a62b000 	C:\WINDOWS\system32\powrprof.dll
0x00007fff7a5c0000 - 0x00007fff7a5d4000 	C:\WINDOWS\system32\profapi.dll

VM Arguments:
jvm_args: -Djava.awt.headless=true -Xmx1024M -Dfile.encoding=GBK -Duser.country=CN -Duser.language=zh -Duser.variant 
java_command: com.android.dx.command.Main --dex --force-jumbo --num-threads=4 --multi-dex --output E:\Workspaces\Studio\MVCHelper9\app\build\intermediates\transforms\dex\debug\folders\1000\5\slice_7 E:\Workspaces\Studio\MVCHelper9\app\build\intermediates\transforms\instantRunSlicer\debug\folders\1\5\slice_7
java_class_path (initial): C:\Users\LuckyJayce\AppData\Local\Android\sdk\build-tools\23.0.3\lib\dx.jar
Launcher Type: SUN_STANDARD

Environment Variables:
JAVA_HOME=C:\Program Files\Java\jdk1.8.0_65
PATH=C:\ProgramData\Oracle\Java\javapath;C:\WINDOWS\system32;C:\WINDOWS;C:\WINDOWS\System32\Wbem;C:\WINDOWS\System32\WindowsPowerShell\v1.0\;%JAVA_HOME%\bin;C:\Program Files (x86)\NVIDIA Corporation\PhysX\Common;C:\WINDOWS\system32;C:\WINDOWS;C:\WINDOWS\System32\Wbem;C:\WINDOWS\System32\WindowsPowerShell\v1.0\;%ANDROID_HOME%\platform-tools;C:\Python34;C:\Program Files\Android\Android Studio\gradle\gradle-2.10\bin;D:\Program Files (x86)\QuickTime\QTSystem\;D:\Program Files (x86)\Rational\common
USERNAME=LuckyJayce
OS=Windows_NT
PROCESSOR_IDENTIFIER=Intel64 Family 6 Model 60 Stepping 3, GenuineIntel



---------------  S Y S T E M  ---------------

OS: Windows 10.0 , 64 bit Build 10586 (10.0.10586.0)

CPU:total 8 (4 cores per cpu, 2 threads per core) family 6 model 60 stepping 3, cmov, cx8, fxsr, mmx, sse, sse2, sse3, ssse3, sse4.1, sse4.2, popcnt, avx, avx2, aes, clmul, erms, lzcnt, ht, tsc, tscinvbit, bmi1, bmi2

Memory: 4k page, physical 8314220k(603672k free), swap 15102184k(5940k free)

vm_info: Java HotSpot(TM) 64-Bit Server VM (25.65-b01) for windows-amd64 JRE (1.8.0_65-b17), built on Oct  6 2015 16:39:20 by "java_re" with MS VC++ 10.0 (VS2010)

time: Tue Jul 12 19:33:50 2016
elapsed time: 1 seconds (0d 0h 0m 1s)

