#
# There is insufficient memory for the Java Runtime Environment to continue.
# Native memory allocation (malloc) failed to allocate 161376 bytes for Chunk::new
# Possible reasons:
#   The system is out of physical RAM or swap space
#   In 32 bit mode, the process size limit was hit
# Possible solutions:
#   Reduce memory load on the system
#   Increase physical memory or swap space
#   Check if swap backing store is full
#   Use 64 bit Java on a 64 bit OS
#   Decrease Java heap size (-Xmx/-Xms)
#   Decrease number of Java threads
#   Decrease Java thread stack sizes (-Xss)
#   Set larger code cache with -XX:ReservedCodeCacheSize=
# This output file may be truncated or incomplete.
#
#  Out of Memory Error (allocation.cpp:390), pid=6352, tid=25344
#
# JRE version: Java(TM) SE Runtime Environment (8.0_65-b17) (build 1.8.0_65-b17)
# Java VM: Java HotSpot(TM) 64-Bit Server VM (25.65-b01 mixed mode windows-amd64 compressed oops)
# Failed to write core dump. Minidumps are not enabled by default on client versions of Windows
#

---------------  T H R E A D  ---------------

Current thread (0x0000000017f08800):  JavaThread "C2 CompilerThread1" daemon [_thread_in_native, id=25344, stack(0x0000000018580000,0x0000000018680000)]

Stack: [0x0000000018580000,0x0000000018680000]
[error occurred during error reporting (printing stack bounds), id 0xc0000005]

Native frames: (J=compiled Java code, j=interpreted, Vv=VM code, C=native code)


Current CompileTask:
C2:   7250 2028       4       com.android.dx.ssa.back.IdenticalBlockCombiner::process (323 bytes)


---------------  P R O C E S S  ---------------

Java Threads: ( => current thread )
  0x0000000018185000 JavaThread "pool-2-thread-4" [_thread_in_vm, id=15936, stack(0x0000000019680000,0x0000000019780000)]
  0x0000000018184000 JavaThread "pool-2-thread-3" [_thread_in_Java, id=21224, stack(0x0000000019580000,0x0000000019680000)]
  0x0000000018180800 JavaThread "pool-2-thread-2" [_thread_blocked, id=24080, stack(0x0000000019480000,0x0000000019580000)]
  0x000000001817f000 JavaThread "pool-3-thread-1" [_thread_blocked, id=23100, stack(0x0000000019380000,0x0000000019480000)]
  0x0000000018170000 JavaThread "pool-2-thread-1" [_thread_blocked, id=2300, stack(0x0000000019280000,0x0000000019380000)]
  0x0000000017fb7000 JavaThread "Service Thread" daemon [_thread_blocked, id=8336, stack(0x0000000018880000,0x0000000018980000)]
  0x0000000017f3c800 JavaThread "C1 CompilerThread3" daemon [_thread_blocked, id=9344, stack(0x0000000018780000,0x0000000018880000)]
  0x0000000017f0e000 JavaThread "C2 CompilerThread2" daemon [_thread_in_native, id=8268, stack(0x0000000018680000,0x0000000018780000)]
=>0x0000000017f08800 JavaThread "C2 CompilerThread1" daemon [_thread_in_native, id=25344, stack(0x0000000018580000,0x0000000018680000)]
  0x0000000017f05000 JavaThread "C2 CompilerThread0" daemon [_thread_in_native, id=24068, stack(0x0000000018480000,0x0000000018580000)]
  0x0000000017f01800 JavaThread "Attach Listener" daemon [_thread_blocked, id=15276, stack(0x0000000018380000,0x0000000018480000)]
  0x0000000017eb6800 JavaThread "Signal Dispatcher" daemon [_thread_blocked, id=18980, stack(0x0000000018280000,0x0000000018380000)]
  0x0000000003393000 JavaThread "Finalizer" daemon [_thread_blocked, id=18636, stack(0x0000000017d80000,0x0000000017e80000)]
  0x0000000003392000 JavaThread "Reference Handler" daemon [_thread_blocked, id=5336, stack(0x0000000017c80000,0x0000000017d80000)]
  0x00000000032a1000 JavaThread "main" [_thread_in_Java, id=14808, stack(0x0000000003150000,0x0000000003250000)]

Other Threads:
  0x0000000015eb9000 VMThread [stack: 0x0000000017b80000,0x0000000017c80000] [id=22976]
  0x0000000018017000 WatcherThread [stack: 0x0000000018980000,0x0000000018a80000] [id=23428]

VM state:not at safepoint (normal execution)

VM Mutex/Monitor currently owned by a thread: None

Heap:
 PSYoungGen      total 138240K, used 55262K [0x00000000eab00000, 0x00000000fe500000, 0x0000000100000000)
  eden space 133120K, 37% used [0x00000000eab00000,0x00000000edbfe6e0,0x00000000f2d00000)
  from space 5120K, 99% used [0x00000000f2d00000,0x00000000f31f9368,0x00000000f3200000)
  to   space 27648K, 0% used [0x00000000fca00000,0x00000000fca00000,0x00000000fe500000)
 ParOldGen       total 87552K, used 44344K [0x00000000c0000000, 0x00000000c5580000, 0x00000000eab00000)
  object space 87552K, 50% used [0x00000000c0000000,0x00000000c2b4e2f0,0x00000000c5580000)
 Metaspace       used 6546K, capacity 7256K, committed 7424K, reserved 1056768K
  class space    used 627K, capacity 656K, committed 768K, reserved 1048576K

Card table byte_map: [0x0000000012760000,0x0000000012970000] byte_map_base: 0x0000000012160000

Marking Bits: (ParMarkBitMap*) 0x00000000692fa5b0
 Begin Bits: [0x00000000132d0000, 0x00000000142d0000)
 End Bits:   [0x00000000142d0000, 0x00000000152d0000)

Polling page: 0x0000000002d50000

CodeCache: size=245760Kb used=8062Kb max_used=8081Kb free=237697Kb
 bounds [0x00000000033a0000, 0x0000000003ba0000, 0x00000000123a0000]
 total_blobs=2240 nmethods=1968 adapters=184
 compilation: enabled

Compilation events (10 events):
Event: 7.046 Thread 0x0000000017f08800 nmethod 1521 0x0000000003b860d0 code [0x0000000003b86320, 0x0000000003b88438]
Event: 7.046 Thread 0x0000000017f08800 2029       4       com.android.dx.ssa.SCCP::addUsersToWorklist (103 bytes)
Event: 7.092 Thread 0x0000000017f3c800 2036       1       com.android.dx.command.dexer.Main::access$1400 (4 bytes)
Event: 7.093 Thread 0x0000000017f3c800 nmethod 2036 0x0000000003b563d0 code [0x0000000003b56520, 0x0000000003b56610]
Event: 7.198 Thread 0x0000000017f3c800 2050       2       java.util.HashMap$TreeNode::find (172 bytes)
Event: 7.200 Thread 0x0000000017f3c800 nmethod 2050 0x0000000003b5cbd0 code [0x0000000003b5cd80, 0x0000000003b5d1b8]
Event: 7.200 Thread 0x0000000017f08800 nmethod 2029 0x0000000003b8e710 code [0x0000000003b8ea60, 0x0000000003b90d78]
Event: 7.201 Thread 0x0000000017f08800 2041       4       com.android.dx.rop.code.BasicBlockList::getInstructionCount (48 bytes)
Event: 7.207 Thread 0x0000000017f08800 nmethod 2041 0x0000000003b57710 code [0x0000000003b57860, 0x0000000003b57a58]
Event: 7.207 Thread 0x0000000017f08800 2028       4       com.android.dx.ssa.back.IdenticalBlockCombiner::process (323 bytes)

GC Heap History (10 events):
Event: 4.100 GC heap before
{Heap before GC invocations=1 (full 0):
 PSYoungGen      total 38400K, used 33280K [0x00000000eab00000, 0x00000000ed580000, 0x0000000100000000)
  eden space 33280K, 100% used [0x00000000eab00000,0x00000000ecb80000,0x00000000ecb80000)
  from space 5120K, 0% used [0x00000000ed080000,0x00000000ed080000,0x00000000ed580000)
  to   space 5120K, 0% used [0x00000000ecb80000,0x00000000ecb80000,0x00000000ed080000)
 ParOldGen       total 87552K, used 0K [0x00000000c0000000, 0x00000000c5580000, 0x00000000eab00000)
  object space 87552K, 0% used [0x00000000c0000000,0x00000000c0000000,0x00000000c5580000)
 Metaspace       used 5973K, capacity 6836K, committed 7040K, reserved 1056768K
  class space    used 604K, capacity 620K, committed 640K, reserved 1048576K
Event: 4.187 GC heap after
Heap after GC invocations=1 (full 0):
 PSYoungGen      total 38400K, used 5117K [0x00000000eab00000, 0x00000000ef600000, 0x0000000100000000)
  eden space 33280K, 0% used [0x00000000eab00000,0x00000000eab00000,0x00000000ecb80000)
  from space 5120K, 99% used [0x00000000ecb80000,0x00000000ed07f628,0x00000000ed080000)
  to   space 5120K, 0% used [0x00000000ef100000,0x00000000ef100000,0x00000000ef600000)
 ParOldGen       total 87552K, used 385K [0x00000000c0000000, 0x00000000c5580000, 0x00000000eab00000)
  object space 87552K, 0% used [0x00000000c0000000,0x00000000c00607e8,0x00000000c5580000)
 Metaspace       used 5973K, capacity 6836K, committed 7040K, reserved 1056768K
  class space    used 604K, capacity 620K, committed 640K, reserved 1048576K
}
Event: 4.688 GC heap before
{Heap before GC invocations=2 (full 0):
 PSYoungGen      total 38400K, used 38397K [0x00000000eab00000, 0x00000000ef600000, 0x0000000100000000)
  eden space 33280K, 100% used [0x00000000eab00000,0x00000000ecb80000,0x00000000ecb80000)
  from space 5120K, 99% used [0x00000000ecb80000,0x00000000ed07f628,0x00000000ed080000)
  to   space 5120K, 0% used [0x00000000ef100000,0x00000000ef100000,0x00000000ef600000)
 ParOldGen       total 87552K, used 385K [0x00000000c0000000, 0x00000000c5580000, 0x00000000eab00000)
  object space 87552K, 0% used [0x00000000c0000000,0x00000000c00607e8,0x00000000c5580000)
 Metaspace       used 6187K, capacity 7030K, committed 7296K, reserved 1056768K
  class space    used 606K, capacity 622K, committed 640K, reserved 1048576K
Event: 4.732 GC heap after
Heap after GC invocations=2 (full 0):
 PSYoungGen      total 71680K, used 5090K [0x00000000eab00000, 0x00000000ef600000, 0x0000000100000000)
  eden space 66560K, 0% used [0x00000000eab00000,0x00000000eab00000,0x00000000eec00000)
  from space 5120K, 99% used [0x00000000ef100000,0x00000000ef5f8be8,0x00000000ef600000)
  to   space 5120K, 0% used [0x00000000eec00000,0x00000000eec00000,0x00000000ef100000)
 ParOldGen       total 87552K, used 3856K [0x00000000c0000000, 0x00000000c5580000, 0x00000000eab00000)
  object space 87552K, 4% used [0x00000000c0000000,0x00000000c03c41d8,0x00000000c5580000)
 Metaspace       used 6187K, capacity 7030K, committed 7296K, reserved 1056768K
  class space    used 606K, capacity 622K, committed 640K, reserved 1048576K
}
Event: 5.242 GC heap before
{Heap before GC invocations=3 (full 0):
 PSYoungGen      total 71680K, used 71650K [0x00000000eab00000, 0x00000000ef600000, 0x0000000100000000)
  eden space 66560K, 100% used [0x00000000eab00000,0x00000000eec00000,0x00000000eec00000)
  from space 5120K, 99% used [0x00000000ef100000,0x00000000ef5f8be8,0x00000000ef600000)
  to   space 5120K, 0% used [0x00000000eec00000,0x00000000eec00000,0x00000000ef100000)
 ParOldGen       total 87552K, used 3856K [0x00000000c0000000, 0x00000000c5580000, 0x00000000eab00000)
  object space 87552K, 4% used [0x00000000c0000000,0x00000000c03c41d8,0x00000000c5580000)
 Metaspace       used 6305K, capacity 7094K, committed 7296K, reserved 1056768K
  class space    used 607K, capacity 622K, committed 640K, reserved 1048576K
Event: 5.289 GC heap after
Heap after GC invocations=3 (full 0):
 PSYoungGen      total 71680K, used 5097K [0x00000000eab00000, 0x00000000f3700000, 0x0000000100000000)
  eden space 66560K, 0% used [0x00000000eab00000,0x00000000eab00000,0x00000000eec00000)
  from space 5120K, 99% used [0x00000000eec00000,0x00000000ef0fa5e0,0x00000000ef100000)
  to   space 5120K, 0% used [0x00000000f3200000,0x00000000f3200000,0x00000000f3700000)
 ParOldGen       total 87552K, used 13365K [0x00000000c0000000, 0x00000000c5580000, 0x00000000eab00000)
  object space 87552K, 15% used [0x00000000c0000000,0x00000000c0d0d478,0x00000000c5580000)
 Metaspace       used 6305K, capacity 7094K, committed 7296K, reserved 1056768K
  class space    used 607K, capacity 622K, committed 640K, reserved 1048576K
}
Event: 5.711 GC heap before
{Heap before GC invocations=4 (full 0):
 PSYoungGen      total 71680K, used 71657K [0x00000000eab00000, 0x00000000f3700000, 0x0000000100000000)
  eden space 66560K, 100% used [0x00000000eab00000,0x00000000eec00000,0x00000000eec00000)
  from space 5120K, 99% used [0x00000000eec00000,0x00000000ef0fa5e0,0x00000000ef100000)
  to   space 5120K, 0% used [0x00000000f3200000,0x00000000f3200000,0x00000000f3700000)
 ParOldGen       total 87552K, used 13365K [0x00000000c0000000, 0x00000000c5580000, 0x00000000eab00000)
  object space 87552K, 15% used [0x00000000c0000000,0x00000000c0d0d478,0x00000000c5580000)
 Metaspace       used 6370K, capacity 7158K, committed 7296K, reserved 1056768K
  class space    used 607K, capacity 622K, committed 640K, reserved 1048576K
Event: 5.741 GC heap after
Heap after GC invocations=4 (full 0):
 PSYoungGen      total 138240K, used 5100K [0x00000000eab00000, 0x00000000f3700000, 0x0000000100000000)
  eden space 133120K, 0% used [0x00000000eab00000,0x00000000eab00000,0x00000000f2d00000)
  from space 5120K, 99% used [0x00000000f3200000,0x00000000f36fb290,0x00000000f3700000)
  to   space 5120K, 0% used [0x00000000f2d00000,0x00000000f2d00000,0x00000000f3200000)
 ParOldGen       total 87552K, used 23629K [0x00000000c0000000, 0x00000000c5580000, 0x00000000eab00000)
  object space 87552K, 26% used [0x00000000c0000000,0x00000000c1713730,0x00000000c5580000)
 Metaspace       used 6370K, capacity 7158K, committed 7296K, reserved 1056768K
  class space    used 607K, capacity 622K, committed 640K, reserved 1048576K
}
Event: 6.438 GC heap before
{Heap before GC invocations=5 (full 0):
 PSYoungGen      total 138240K, used 138220K [0x00000000eab00000, 0x00000000f3700000, 0x0000000100000000)
  eden space 133120K, 100% used [0x00000000eab00000,0x00000000f2d00000,0x00000000f2d00000)
  from space 5120K, 99% used [0x00000000f3200000,0x00000000f36fb290,0x00000000f3700000)
  to   space 5120K, 0% used [0x00000000f2d00000,0x00000000f2d00000,0x00000000f3200000)
 ParOldGen       total 87552K, used 23629K [0x00000000c0000000, 0x00000000c5580000, 0x00000000eab00000)
  object space 87552K, 26% used [0x00000000c0000000,0x00000000c1713730,0x00000000c5580000)
 Metaspace       used 6540K, capacity 7256K, committed 7424K, reserved 1056768K
  class space    used 627K, capacity 656K, committed 768K, reserved 1048576K
Event: 6.528 GC heap after
Heap after GC invocations=5 (full 0):
 PSYoungGen      total 138240K, used 5092K [0x00000000eab00000, 0x00000000fe500000, 0x0000000100000000)
  eden space 133120K, 0% used [0x00000000eab00000,0x00000000eab00000,0x00000000f2d00000)
  from space 5120K, 99% used [0x00000000f2d00000,0x00000000f31f9368,0x00000000f3200000)
  to   space 27648K, 0% used [0x00000000fca00000,0x00000000fca00000,0x00000000fe500000)
 ParOldGen       total 87552K, used 44344K [0x00000000c0000000, 0x00000000c5580000, 0x00000000eab00000)
  object space 87552K, 50% used [0x00000000c0000000,0x00000000c2b4e2f0,0x00000000c5580000)
 Metaspace       used 6540K, capacity 7256K, committed 7424K, reserved 1056768K
  class space    used 627K, capacity 656K, committed 768K, reserved 1048576K
}

Deoptimization events (10 events):
Event: 5.357 Thread 0x0000000018180800 Uncommon trap: reason=bimorphic action=maybe_recompile pc=0x00000000039dbf08 method=com.android.dx.cf.code.BytecodeArray.parseInstruction(ILcom/android/dx/cf/code/BytecodeArray$Visitor;)I @ 1130
Event: 5.358 Thread 0x0000000018180800 Uncommon trap: reason=bimorphic action=maybe_recompile pc=0x00000000039dbf08 method=com.android.dx.cf.code.BytecodeArray.parseInstruction(ILcom/android/dx/cf/code/BytecodeArray$Visitor;)I @ 1130
Event: 5.381 Thread 0x0000000018184000 Uncommon trap: reason=uninitialized action=reinterpret pc=0x00000000039db8c8 method=com.android.dx.cf.code.BytecodeArray.parseInstruction(ILcom/android/dx/cf/code/BytecodeArray$Visitor;)I @ 999
Event: 5.626 Thread 0x0000000018180800 Uncommon trap: reason=unstable_if action=reinterpret pc=0x0000000003a0021c method=com.android.dx.ssa.SCCP.simulateStmt(Lcom/android/dx/ssa/SsaInsn;)V @ 53
Event: 5.644 Thread 0x0000000018180800 Uncommon trap: reason=class_check action=maybe_recompile pc=0x0000000003898100 method=java.util.HashMap.putVal(ILjava/lang/Object;Ljava/lang/Object;ZZ)Ljava/lang/Object; @ 203
Event: 5.854 Thread 0x0000000018185000 Uncommon trap: reason=unstable_if action=reinterpret pc=0x0000000003a0ca24 method=com.android.dx.rop.code.LocalItem.compareHandlesNulls(Lcom/android/dx/rop/cst/CstString;Lcom/android/dx/rop/cst/CstString;)I @ 14
Event: 6.126 Thread 0x0000000018184000 Uncommon trap: reason=unstable_if action=reinterpret pc=0x0000000003716494 method=java.util.HashMap.putVal(ILjava/lang/Object;Ljava/lang/Object;ZZ)Ljava/lang/Object; @ 162
Event: 6.139 Thread 0x0000000018184000 Uncommon trap: reason=unstable_if action=reinterpret pc=0x0000000003996284 method=java.util.HashMap.getNode(ILjava/lang/Object;)Ljava/util/HashMap$Node; @ 84
Event: 6.250 Thread 0x0000000018185000 Uncommon trap: reason=unstable_if action=reinterpret pc=0x00000000039ce654 method=com.android.dx.ssa.MoveParamCombiner$1.visitNonMoveInsn(Lcom/android/dx/ssa/NormalSsaInsn;)V @ 27
Event: 6.696 Thread 0x0000000018170000 Uncommon trap: reason=unstable_if action=reinterpret pc=0x0000000003aec984 method=java.util.HashMap.putVal(ILjava/lang/Object;Ljava/lang/Object;ZZ)Ljava/lang/Object; @ 109

Internal exceptions (7 events):
Event: 0.087 Thread 0x00000000032a1000 Exception <a 'java/lang/NoSuchMethodError': Method sun.misc.Unsafe.defineClass(Ljava/lang/String;[BII)Ljava/lang/Class; name or signature does not match> (0x00000000eab13070) thrown at [C:\workspace\8-2-build-windows-amd64-cygwin\jdk8u65\4987\hotspot\src\s“TYÕ)o¶?
Event: 0.088 Thread 0x00000000032a1000 Exception <a 'java/lang/NoSuchMethodError': Method sun.misc.Unsafe.prefetchRead(Ljava/lang/Object;J)V name or signature does not match> (0x00000000eab13358) thrown at [C:\workspace\8-2-build-windows-amd64-cygwin\jdk8u65\4987\hotspot\src\share\vm\prims\jni.@8œÁ@
Event: 4.189 Thread 0x0000000018185000 Implicit null exception at 0x000000000370ab22 to 0x000000000370ac29
Event: 5.854 Thread 0x0000000018185000 Implicit null exception at 0x0000000003a0b101 to 0x0000000003a0c9fd
Event: 6.129 Thread 0x0000000018184000 Exception <a 'java/lang/ArrayIndexOutOfBoundsException': 18> (0x00000000f0062708) thrown at [C:\workspace\8-2-build-windows-amd64-cygwin\jdk8u65\4987\hotspot\src\share\vm\interpreter\interpreterRuntime.cpp, line 366]
Event: 6.130 Thread 0x0000000018184000 Exception <a 'java/lang/ArrayIndexOutOfBoundsException': 145> (0x00000000f0064288) thrown at [C:\workspace\8-2-build-windows-amd64-cygwin\jdk8u65\4987\hotspot\src\share\vm\interpreter\interpreterRuntime.cpp, line 366]
Event: 6.138 Thread 0x0000000018184000 Exception <a 'java/lang/ArrayIndexOutOfBoundsException'> (0x00000000f0065570) thrown at [C:\workspace\8-2-build-windows-amd64-cygwin\jdk8u65\4987\hotspot\src\share\vm\runtime\sharedRuntime.cpp, line 605]

Events (10 events):
Event: 6.250 Thread 0x0000000018185000 DEOPT UNPACKING pc=0x00000000033e582a sp=0x000000001977e9a8 mode 2
Event: 6.304 Thread 0x00000000032a1000 DEOPT PACKING pc=0x000000000395de42 sp=0x000000000324e2a0
Event: 6.305 Thread 0x00000000032a1000 DEOPT UNPACKING pc=0x00000000033e787f sp=0x000000000324e020 mode 0
Event: 6.425 Thread 0x00000000032a1000 DEOPT PACKING pc=0x00000000039ca2a8 sp=0x000000000324eba0
Event: 6.425 Thread 0x00000000032a1000 DEOPT UNPACKING pc=0x00000000033e787f sp=0x000000000324e8a0 mode 0
Event: 6.437 Executing VM operation: ParallelGCFailedAllocation
Event: 6.528 Executing VM operation: ParallelGCFailedAllocation done
Event: 6.696 Thread 0x0000000018170000 Uncommon trap: trap_request=0xffffff65 fr.pc=0x0000000003aec984
Event: 6.696 Thread 0x0000000018170000 DEOPT PACKING pc=0x0000000003aec984 sp=0x000000001937e750
Event: 6.696 Thread 0x0000000018170000 DEOPT UNPACKING pc=0x00000000033e582a sp=0x000000001937e6e0 mode 2


Dynamic libraries:
0x00007ff623a20000 - 0x00007ff623a57000 	C:\Program Files\Java\jdk1.8.0_65\bin\java.exe
0x00007fff7dfa0000 - 0x00007fff7e161000 	C:\WINDOWS\SYSTEM32\ntdll.dll
0x00007fff7dd70000 - 0x00007fff7de1d000 	C:\WINDOWS\system32\KERNEL32.DLL
0x00007fff7ae60000 - 0x00007fff7b048000 	C:\WINDOWS\system32\KERNELBASE.dll
0x00007fff7def0000 - 0x00007fff7df97000 	C:\WINDOWS\system32\ADVAPI32.dll
0x00007fff7d790000 - 0x00007fff7d82d000 	C:\WINDOWS\system32\msvcrt.dll
0x00007fff7d730000 - 0x00007fff7d78b000 	C:\WINDOWS\system32\sechost.dll
0x00007fff7dc50000 - 0x00007fff7dd6c000 	C:\WINDOWS\system32\RPCRT4.dll
0x00007fff7b3b0000 - 0x00007fff7b506000 	C:\WINDOWS\system32\USER32.dll
0x00007fff7b510000 - 0x00007fff7b696000 	C:\WINDOWS\system32\GDI32.dll
0x00007fff6b890000 - 0x00007fff6bb04000 	C:\WINDOWS\WinSxS\amd64_microsoft.windows.common-controls_6595b64144ccf1df_6.0.10586.0_none_8c15ae12515e1c22\COMCTL32.dll
0x00007fff7b6a0000 - 0x00007fff7b91d000 	C:\WINDOWS\system32\combase.dll
0x00007fff7adf0000 - 0x00007fff7ae5a000 	C:\WINDOWS\system32\bcryptPrimitives.dll
0x00007fff7b940000 - 0x00007fff7b97b000 	C:\WINDOWS\system32\IMM32.DLL
0x00007fff78ff0000 - 0x00007fff79021000 	C:\Windows\system32\nvinitx.dll
0x00007fff78fe0000 - 0x00007fff78fea000 	C:\WINDOWS\SYSTEM32\VERSION.dll
0x0000000069ac0000 - 0x0000000069b92000 	C:\Program Files\Java\jdk1.8.0_65\jre\bin\msvcr100.dll
0x0000000068af0000 - 0x0000000069379000 	C:\Program Files\Java\jdk1.8.0_65\jre\bin\server\jvm.dll
0x00007fff7ba50000 - 0x00007fff7ba58000 	C:\WINDOWS\system32\PSAPI.DLL
0x00007fff71140000 - 0x00007fff71149000 	C:\WINDOWS\SYSTEM32\WSOCK32.dll
0x00007fff78c70000 - 0x00007fff78c93000 	C:\WINDOWS\SYSTEM32\WINMM.dll
0x0000000002ce0000 - 0x0000000002d0c000 	C:\WINDOWS\SYSTEM32\WINMMBASE.dll
0x00007fff7b240000 - 0x00007fff7b283000 	C:\WINDOWS\system32\cfgmgr32.dll
0x00007fff7d280000 - 0x00007fff7d2eb000 	C:\WINDOWS\system32\WS2_32.dll
0x0000000068ae0000 - 0x0000000068aef000 	C:\Program Files\Java\jdk1.8.0_65\jre\bin\verify.dll
0x0000000068ab0000 - 0x0000000068ad9000 	C:\Program Files\Java\jdk1.8.0_65\jre\bin\java.dll
0x0000000068a90000 - 0x0000000068aa6000 	C:\Program Files\Java\jdk1.8.0_65\jre\bin\zip.dll
0x00007fff7ba60000 - 0x00007fff7cfbc000 	C:\WINDOWS\system32\SHELL32.dll
0x00007fff7a650000 - 0x00007fff7ac94000 	C:\WINDOWS\system32\windows.storage.dll
0x00007fff7de90000 - 0x00007fff7dee2000 	C:\WINDOWS\system32\shlwapi.dll
0x00007fff7a630000 - 0x00007fff7a63f000 	C:\WINDOWS\system32\kernel.appcore.dll
0x00007fff7aca0000 - 0x00007fff7ad55000 	C:\WINDOWS\system32\shcore.dll
0x00007fff7a5e0000 - 0x00007fff7a62b000 	C:\WINDOWS\system32\powrprof.dll
0x00007fff7a5c0000 - 0x00007fff7a5d4000 	C:\WINDOWS\system32\profapi.dll

VM Arguments:
jvm_args: -Djava.awt.headless=true -Xmx1024M -Dfile.encoding=GBK -Duser.country=CN -Duser.language=zh -Duser.variant 
java_command: com.android.dx.command.Main --dex --force-jumbo --num-threads=4 --multi-dex --output E:\Workspaces\Studio\MVCHelper9\app\build\intermediates\transforms\dex\debug\folders\1000\10\com.android.support-support-v4-23.4.0_14dfa8a5fd03c7675b22f0c5e6d5905feec13a4a E:\Workspaces\Studio\MVCHelper9\app\build\intermediates\exploded-aar\com.android.support\support-v4\23.4.0\jars\classes.jar
java_class_path (initial): C:\Users\LuckyJayce\AppData\Local\Android\sdk\build-tools\23.0.3\lib\dx.jar
Launcher Type: SUN_STANDARD

Environment Variables:
JAVA_HOME=C:\Program Files\Java\jdk1.8.0_65
PATH=C:\ProgramData\Oracle\Java\javapath;C:\WINDOWS\system32;C:\WINDOWS;C:\WINDOWS\System32\Wbem;C:\WINDOWS\System32\WindowsPowerShell\v1.0\;%JAVA_HOME%\bin;C:\Program Files (x86)\NVIDIA Corporation\PhysX\Common;C:\WINDOWS\system32;C:\WINDOWS;C:\WINDOWS\System32\Wbem;C:\WINDOWS\System32\WindowsPowerShell\v1.0\;%ANDROID_HOME%\platform-tools;C:\Python34;C:\Program Files\Android\Android Studio\gradle\gradle-2.10\bin;D:\Program Files (x86)\QuickTime\QTSystem\;D:\Program Files (x86)\Rational\common
USERNAME=LuckyJayce
OS=Windows_NT
PROCESSOR_IDENTIFIER=Intel64 Family 6 Model 60 Stepping 3, GenuineIntel



---------------  S Y S T E M  ---------------

OS: Windows 10.0 , 64 bit Build 10586 (10.0.10586.0)

CPU:total 8 (4 cores per cpu, 2 threads per core) family 6 model 60 stepping 3, cmov, cx8, fxsr, mmx, sse, sse2, sse3, ssse3, sse4.1, sse4.2, popcnt, avx, avx2, aes, clmul, erms, lzcnt, ht, tsc, tscinvbit, bmi1, bmi2

Memory: 4k page, physical 8314220k(616528k free), swap 15102184k(8016k free)

vm_info: Java HotSpot(TM) 64-Bit Server VM (25.65-b01) for windows-amd64 JRE (1.8.0_65-b17), built on Oct  6 2015 16:39:20 by "java_re" with MS VC++ 10.0 (VS2010)

time: Tue Jul 12 19:33:50 2016
elapsed time: 7 seconds (0d 0h 0m 7s)

